{
  "stats": {
    "suites": 1,
    "tests": 9,
    "passes": 9,
    "pending": 0,
    "failures": 0,
    "start": "2022-02-15T14:42:07.418Z",
    "end": "2022-02-15T14:42:10.109Z",
    "duration": 2614,
    "testsRegistered": 9,
    "passPercent": 100,
    "pendingPercent": 0,
    "other": 0,
    "hasOther": false,
    "skipped": 0,
    "hasSkipped": false
  },
  "results": [
    {
      "uuid": "2a2762e8-36ef-4d49-98ea-4794a040d4f4",
      "title": "",
      "fullFile": "cypress/integration/spec.ts",
      "file": "cypress/integration/spec.ts",
      "beforeHooks": [],
      "afterHooks": [],
      "tests": [],
      "suites": [
        {
          "uuid": "fced77e3-87e0-404c-a201-3b7c9c8ba263",
          "title": "Task Tracker test",
          "fullFile": "",
          "file": "",
          "beforeHooks": [],
          "afterHooks": [],
          "tests": [
            {
              "title": "Visits the initial project page",
              "fullTitle": "Task Tracker test Visits the initial project page",
              "timedOut": null,
              "duration": 883,
              "state": "passed",
              "speed": "fast",
              "pass": true,
              "fail": false,
              "pending": false,
              "context": null,
              "code": "cy.visit('/');",
              "err": {},
              "uuid": "a4657577-eebd-4029-b45a-7283270608da",
              "parentUUID": "fced77e3-87e0-404c-a201-3b7c9c8ba263",
              "isHook": false,
              "skipped": false
            },
            {
              "title": "Clicks the green add button and the form shows up",
              "fullTitle": "Task Tracker test Clicks the green add button and the form shows up",
              "timedOut": null,
              "duration": 130,
              "state": "passed",
              "speed": "fast",
              "pass": true,
              "fail": false,
              "pending": false,
              "context": null,
              "code": "cy.get('[data-test-id=\"btn-add-task\"]').click();\ncy.get('[data-test-id=\"add-task-form\"]').should('be.visible');",
              "err": {},
              "uuid": "25617912-d7bb-4bba-ac87-762b07ef24d3",
              "parentUUID": "fced77e3-87e0-404c-a201-3b7c9c8ba263",
              "isHook": false,
              "skipped": false
            },
            {
              "title": "Has certain inputs avavailble for user to use",
              "fullTitle": "Task Tracker test Has certain inputs avavailble for user to use",
              "timedOut": null,
              "duration": 26,
              "state": "passed",
              "speed": "fast",
              "pass": true,
              "fail": false,
              "pending": false,
              "context": null,
              "code": "cy.get('[data-test-id=\"input-task\"]').should('be.visible');\ncy.get('[data-test-id=\"input-time\"]').should('be.visible');\ncy.get('[data-test-id=\"input-reminder\"]').should('be.visible');\ncy.get('[data-test-id=\"input-save-task\"]').should('be.visible');",
              "err": {},
              "uuid": "02893484-c78d-4d05-bfec-35e3cfcf975c",
              "parentUUID": "fced77e3-87e0-404c-a201-3b7c9c8ba263",
              "isHook": false,
              "skipped": false
            },
            {
              "title": "Has a route to about page",
              "fullTitle": "Task Tracker test Has a route to about page",
              "timedOut": null,
              "duration": 10,
              "state": "passed",
              "speed": "fast",
              "pass": true,
              "fail": false,
              "pending": false,
              "context": null,
              "code": "cy.intercept('GET', 'https://localhost:4200/about');",
              "err": {},
              "uuid": "52307631-2313-4a1f-baf7-baa96a255685",
              "parentUUID": "fced77e3-87e0-404c-a201-3b7c9c8ba263",
              "isHook": false,
              "skipped": false
            },
            {
              "title": "Clicks the about link and shows certain information and the route back to homepage",
              "fullTitle": "Task Tracker test Clicks the about link and shows certain information and the route back to homepage",
              "timedOut": null,
              "duration": 118,
              "state": "passed",
              "speed": "fast",
              "pass": true,
              "fail": false,
              "pending": false,
              "context": null,
              "code": "cy.get('[data-test-id=\"about-link\"]').click();\ncy.contains('Task Tracker');\ncy.contains('Version: 1.0.0');",
              "err": {},
              "uuid": "edc42b56-dc87-41f1-8f99-6daf0e83798d",
              "parentUUID": "fced77e3-87e0-404c-a201-3b7c9c8ba263",
              "isHook": false,
              "skipped": false
            },
            {
              "title": "Clicks the home link and back to the home page",
              "fullTitle": "Task Tracker test Clicks the home link and back to the home page",
              "timedOut": null,
              "duration": 112,
              "state": "passed",
              "speed": "fast",
              "pass": true,
              "fail": false,
              "pending": false,
              "context": null,
              "code": "cy.get('[data-test-id=\"home-page-link\"]').click();\ncy.get('[data-test-id=\"btn-add-task\"]').contains('Add');",
              "err": {},
              "uuid": "68f44eb7-9198-49a7-8692-67cf0b5ff7a0",
              "parentUUID": "fced77e3-87e0-404c-a201-3b7c9c8ba263",
              "isHook": false,
              "skipped": false
            },
            {
              "title": "Create a task with task input, time input and check reminder",
              "fullTitle": "Task Tracker test Create a task with task input, time input and check reminder",
              "timedOut": null,
              "duration": 980,
              "state": "passed",
              "speed": "fast",
              "pass": true,
              "fail": false,
              "pending": false,
              "context": null,
              "code": "cy.get('[data-test-id=\"btn-add-task\"]').click();\ncy.get('[data-test-id=\"input-task\"]').type('Going to have a DATE');\ncy.get('[data-test-id=\"input-time\"]').type('2022-02-14');\ncy.get('[data-test-id=\"input-reminder\"]').check();\ncy.get('[data-test-id=\"input-save-task\"]').click();\ncy.contains('Going to have a DATE');\ncy.contains('2022-02-14');",
              "err": {},
              "uuid": "4785af7d-0e1c-4909-b61a-c797b4a707bf",
              "parentUUID": "fced77e3-87e0-404c-a201-3b7c9c8ba263",
              "isHook": false,
              "skipped": false
            },
            {
              "title": "Double clicks the card to cancel the reminder and double clicks again to set the reminder",
              "fullTitle": "Task Tracker test Double clicks the card to cancel the reminder and double clicks again to set the reminder",
              "timedOut": null,
              "duration": 235,
              "state": "passed",
              "speed": "fast",
              "pass": true,
              "fail": false,
              "pending": false,
              "context": null,
              "code": "cy.get('[data-test-id=\"task-card\"]').contains('Going to have a DATE').dblclick();\ncy.get('[data-test-id=\"task-card\"]').contains('Going to have a DATE').should('not.have.class', '.task');\ncy.get('[data-test-id=\"task-card\"]').dblclick();\ncy.get('[data-test-id=\"task-card\"]').should('have.class', 'task');",
              "err": {},
              "uuid": "eba3a139-0ed5-4e6c-9c4a-c663b208a4c1",
              "parentUUID": "fced77e3-87e0-404c-a201-3b7c9c8ba263",
              "isHook": false,
              "skipped": false
            },
            {
              "title": "Deletes the task",
              "fullTitle": "Task Tracker test Deletes the task",
              "timedOut": null,
              "duration": 120,
              "state": "passed",
              "speed": "fast",
              "pass": true,
              "fail": false,
              "pending": false,
              "context": null,
              "code": "cy.get('[data-test-id=\"task-card\"]').get(`[data-test-id=\"delete-task\"]`).click();\ncy.get('[data-test-id=\"task-card\"]').should('not.exist');",
              "err": {},
              "uuid": "b2acd170-ed0c-4b26-84b1-5101ee3b1f59",
              "parentUUID": "fced77e3-87e0-404c-a201-3b7c9c8ba263",
              "isHook": false,
              "skipped": false
            }
          ],
          "suites": [],
          "passes": [
            "a4657577-eebd-4029-b45a-7283270608da",
            "25617912-d7bb-4bba-ac87-762b07ef24d3",
            "02893484-c78d-4d05-bfec-35e3cfcf975c",
            "52307631-2313-4a1f-baf7-baa96a255685",
            "edc42b56-dc87-41f1-8f99-6daf0e83798d",
            "68f44eb7-9198-49a7-8692-67cf0b5ff7a0",
            "4785af7d-0e1c-4909-b61a-c797b4a707bf",
            "eba3a139-0ed5-4e6c-9c4a-c663b208a4c1",
            "b2acd170-ed0c-4b26-84b1-5101ee3b1f59"
          ],
          "failures": [],
          "pending": [],
          "skipped": [],
          "duration": 2614,
          "root": false,
          "rootEmpty": false,
          "_timeout": 2000
        }
      ],
      "passes": [],
      "failures": [],
      "pending": [],
      "skipped": [],
      "duration": 0,
      "root": true,
      "rootEmpty": true,
      "_timeout": 2000
    }
  ],
  "meta": {
    "mocha": {
      "version": "7.0.1"
    },
    "mochawesome": {
      "options": {
        "quiet": false,
        "reportFilename": "mochawesome",
        "saveHtml": false,
        "saveJson": true,
        "consoleReporter": "spec",
        "useInlineDiffs": false,
        "code": true
      },
      "version": "7.0.1"
    },
    "marge": {
      "options": {
        "reportDir": "cypress/results",
        "overwrite": false,
        "html": false,
        "json": true
      },
      "version": "6.0.1"
    }
  }
}